<?xml version="1.0" encoding="UTF-8"?>
<!-- Generated by org.testng.reporters.JUnitReportReporter -->
<testsuite hostname="mrutunjay" failures="0" tests="1" name="advanceSelenium.ToLearnConfigurationAnnotations" time="0.014" errors="0" timestamp="2024-09-16T18:55:02 IST" skipped="0">
  <testcase classname="advanceSelenium.ToLearnConfigurationAnnotations" name="test" time="0.014"/>
  <system-out>
    <![CDATA[Test got executed]]>
  </system-out>
</testsuite> <!-- advanceSelenium.ToLearnConfigurationAnnotations -->
