<?xml version="1.0" encoding="UTF-8"?>
<!-- Generated by org.testng.reporters.JUnitReportReporter -->
<testsuite hostname="mrutunjay" failures="0" tests="1" name="advanceSelenium.DWS_TC_006Myaccount" time="9.286" errors="0" timestamp="2024-09-10T18:56:20 IST" skipped="0">
  <testcase classname="advanceSelenium.DWS_TC_006Myaccount" name="toCheckBookPage" time="9.286"/>
  <system-out>
    <![CDATA[Navigated Successfully to My account page]]>
  </system-out>
</testsuite> <!-- advanceSelenium.DWS_TC_006Myaccount -->
