<?xml version="1.0" encoding="UTF-8"?>
<!-- Generated by org.testng.reporters.JUnitReportReporter -->
<testsuite hostname="mrutunjay" failures="0" tests="1" name="advanceSelenium.DWS_TC_010ElectronicsDropdown" time="9.798" errors="0" timestamp="2024-09-07T12:58:43 IST" skipped="0">
  <testcase classname="advanceSelenium.DWS_TC_010ElectronicsDropdown" name="electronicsDropdown" time="9.798"/>
  <system-out/>
</testsuite> <!-- advanceSelenium.DWS_TC_010ElectronicsDropdown -->
