<?xml version="1.0" encoding="UTF-8"?>
<!-- Generated by org.testng.reporters.JUnitReportReporter -->
<testsuite hostname="mrutunjay" failures="0" tests="7" name="advanceSelenium.ToUseThreadPoolsize" time="44.763" errors="0" timestamp="2024-09-02T21:18:01 IST" skipped="0">
  <testcase classname="advanceSelenium.ToUseThreadPoolsize" name="amazon" time="6.726"/>
  <system-out>
    <![CDATA[Amazon got executed]]>
  </system-out>
  <testcase classname="advanceSelenium.ToUseThreadPoolsize" name="baskinRobbins" time="3.674"/>
  <system-out>
    <![CDATA[BaskinRobbins got executed]]>
  </system-out>
  <testcase classname="advanceSelenium.ToUseThreadPoolsize" name="cricbuzz" time="5.133"/>
  <system-out>
    <![CDATA[Cricbuzz got executed]]>
  </system-out>
  <testcase classname="advanceSelenium.ToUseThreadPoolsize" name="baskinRobbins" time="7.338"/>
  <system-out>
    <![CDATA[BaskinRobbins got executed]]>
  </system-out>
  <testcase classname="advanceSelenium.ToUseThreadPoolsize" name="cricbuzz" time="5.053"/>
  <system-out>
    <![CDATA[Cricbuzz got executed]]>
  </system-out>
  <testcase classname="advanceSelenium.ToUseThreadPoolsize" name="amazon" time="7.678"/>
  <system-out>
    <![CDATA[Amazon got executed]]>
  </system-out>
  <testcase classname="advanceSelenium.ToUseThreadPoolsize" name="baskinRobbins" time="9.161"/>
  <system-out>
    <![CDATA[BaskinRobbins got executed]]>
  </system-out>
</testsuite> <!-- advanceSelenium.ToUseThreadPoolsize -->
