<?xml version="1.0" encoding="UTF-8"?>
<!-- Generated by org.testng.reporters.JUnitReportReporter -->
<testsuite hostname="mrutunjay" failures="0" tests="1" name="advanceSelenium.DWS_TC_001Book" time="15.226" errors="0" timestamp="2024-09-26T11:29:32 IST" skipped="0">
  <testcase classname="advanceSelenium.DWS_TC_001Book" name="toCheckBookPage" time="15.226"/>
  <system-out>
    <![CDATA[Navigated Successfully to Books Page]]>
  </system-out>
</testsuite> <!-- advanceSelenium.DWS_TC_001Book -->
