<?xml version="1.0" encoding="UTF-8"?>
<!-- Generated by org.testng.reporters.JUnitReportReporter -->
<testsuite hostname="mrutunjay" failures="0" tests="1" name="advanceSelenium.DWS_TC_013AddAddress" time="11.158" errors="0" timestamp="2024-09-08T19:10:53 IST" skipped="0">
  <testcase classname="advanceSelenium.DWS_TC_013AddAddress" name="addAddress" time="11.158"/>
  <system-out>
    <![CDATA[Address got saved successfully]]>
  </system-out>
</testsuite> <!-- advanceSelenium.DWS_TC_013AddAddress -->
