<?xml version="1.0" encoding="UTF-8"?>
<!-- Generated by org.testng.reporters.JUnitReportReporter -->
<testsuite hostname="mrutunjay" failures="0" tests="3" name="advanceSelenium.ToLearnDataProvider" time="13.301" errors="0" timestamp="2024-09-10T18:41:50 IST" skipped="0">
  <testcase classname="advanceSelenium.ToLearnDataProvider" name="toLogin" time="3.519"/>
  <system-out/>
  <testcase classname="advanceSelenium.ToLearnDataProvider" name="toLogin" time="6.359"/>
  <system-out/>
  <testcase classname="advanceSelenium.ToLearnDataProvider" name="toLogin" time="3.423"/>
  <system-out/>
</testsuite> <!-- advanceSelenium.ToLearnDataProvider -->
