<?xml version="1.0" encoding="UTF-8"?>
<!-- Generated by org.testng.reporters.JUnitReportReporter -->
<testsuite hostname="mrutunjay" failures="0" tests="1" name="bikes.ToLaunchRoyalEnfield" time="3.525" errors="0" timestamp="2024-09-09T13:48:03 IST" skipped="0">
  <testcase classname="bikes.ToLaunchRoyalEnfield" name="access" time="3.525"/>
  <system-out>
    <![CDATA[Royal got executed]]>
  </system-out>
</testsuite> <!-- bikes.ToLaunchRoyalEnfield -->
