<?xml version="1.0" encoding="UTF-8"?>
<!-- Generated by org.testng.reporters.JUnitReportReporter -->
<testsuite hostname="mrutunjay" failures="0" tests="1" name="advanceSelenium.DWS_TC_011PopularTags" time="21.517" errors="0" timestamp="2024-09-07T13:19:17 IST" skipped="0">
  <testcase classname="advanceSelenium.DWS_TC_011PopularTags" name="popularTags" time="21.517"/>
  <system-out>
    <![CDATA[Engagement Ring got selected successfully]]>
  </system-out>
</testsuite> <!-- advanceSelenium.DWS_TC_011PopularTags -->
