<?xml version="1.0" encoding="UTF-8"?>
<!-- Generated by org.testng.reporters.JUnitReportReporter -->
<testsuite hostname="mrutunjay" failures="0" tests="1" name="advanceSelenium.DWS_TC_012ContactUs" time="6.140" errors="0" timestamp="2024-09-07T13:51:27 IST" skipped="0">
  <testcase classname="advanceSelenium.DWS_TC_012ContactUs" name="contactUs" time="6.140"/>
  <system-out>
    <![CDATA[Enquairy sent successfully]]>
  </system-out>
</testsuite> <!-- advanceSelenium.DWS_TC_012ContactUs -->
