<?xml version="1.0" encoding="UTF-8"?>
<!-- Generated by org.testng.reporters.JUnitReportReporter -->
<testsuite hostname="mrutunjay" failures="0" tests="3" name="advanceSelenium.ToLearnTestNGwithPriority" time="17.143" errors="0" timestamp="2024-09-02T20:53:12 IST" skipped="0">
  <testcase classname="advanceSelenium.ToLearnTestNGwithPriority" name="cricbuzz" time="6.280"/>
  <system-out>
    <![CDATA[Cricbuzz got executed]]>
  </system-out>
  <testcase classname="advanceSelenium.ToLearnTestNGwithPriority" name="baskinRobbins" time="7.282"/>
  <system-out>
    <![CDATA[BaskinRobbins got executed]]>
  </system-out>
  <testcase classname="advanceSelenium.ToLearnTestNGwithPriority" name="amazon" time="3.581"/>
  <system-out>
    <![CDATA[Amazon got executed]]>
  </system-out>
</testsuite> <!-- advanceSelenium.ToLearnTestNGwithPriority -->
