<?xml version="1.0" encoding="UTF-8"?>
<!-- Generated by org.testng.reporters.JUnitReportReporter -->
<testsuite hostname="mrutunjay" failures="0" tests="3" name="advanceSelenium.ToUseDependsOnMethods" time="0.023" errors="0" timestamp="2024-09-02T21:12:08 IST" skipped="0">
  <testcase classname="advanceSelenium.ToUseDependsOnMethods" name="createAccount" time="0.018"/>
  <system-out>
    <![CDATA[Account created successfully]]>
  </system-out>
  <testcase classname="advanceSelenium.ToUseDependsOnMethods" name="editAccount" time="0.003"/>
  <system-out>
    <![CDATA[Account edited successfully]]>
  </system-out>
  <testcase classname="advanceSelenium.ToUseDependsOnMethods" name="deleteAccount" time="0.002"/>
  <system-out>
    <![CDATA[Account deleted successfullly]]>
  </system-out>
</testsuite> <!-- advanceSelenium.ToUseDependsOnMethods -->
