<?xml version="1.0" encoding="UTF-8"?>
<!-- Generated by org.testng.reporters.JUnitReportReporter -->
<testsuite hostname="mrutunjay" failures="0" tests="1" name="bikes.ToLaunchHarly" time="67.460" errors="0" timestamp="2024-09-05T13:31:21 IST" skipped="0">
  <testcase classname="bikes.ToLaunchHarly" name="access" time="67.460"/>
  <system-out>
    <![CDATA[Harly got executed]]>
  </system-out>
</testsuite> <!-- bikes.ToLaunchHarly -->
