<?xml version="1.0" encoding="UTF-8"?>
<!-- Generated by org.testng.reporters.JUnitReportReporter -->
<testsuite hostname="mrutunjay" failures="0" tests="1" name="bikes.ToLaunchKTM" time="10.733" errors="0" timestamp="2024-09-09T13:48:03 IST" skipped="0">
  <testcase classname="bikes.ToLaunchKTM" name="access" time="10.733"/>
  <system-out>
    <![CDATA[KTM got executed]]>
  </system-out>
</testsuite> <!-- bikes.ToLaunchKTM -->
