<?xml version="1.0" encoding="UTF-8"?>
<!-- Generated by org.testng.reporters.JUnitReportReporter -->
<testsuite hostname="mrutunjay" failures="0" tests="1" name="advanceSelenium.DWS_TC_005AddProductToCart" time="11.644" errors="0" timestamp="2024-09-10T18:56:20 IST" skipped="0">
  <testcase classname="advanceSelenium.DWS_TC_005AddProductToCart" name="addProduct" time="11.644"/>
  <system-out>
    <![CDATA[pruduct got add successfully]]>
  </system-out>
</testsuite> <!-- advanceSelenium.DWS_TC_005AddProductToCart -->
