<?xml version="1.0" encoding="UTF-8"?>
<!-- Generated by org.testng.reporters.JUnitReportReporter -->
<testsuite hostname="mrutunjay" failures="0" tests="1" name="bikes.ToLaunchAccess" time="40.104" errors="0" timestamp="2024-09-05T13:31:21 IST" skipped="0">
  <testcase classname="bikes.ToLaunchAccess" name="access" time="40.104"/>
  <system-out>
    <![CDATA[Access got excuted]]>
  </system-out>
</testsuite> <!-- bikes.ToLaunchAccess -->
