<?xml version="1.0" encoding="UTF-8"?>
<!-- Generated by org.testng.reporters.JUnitReportReporter -->
<testsuite hostname="mrutunjay" failures="0" tests="1" name="advanceSelenium.DWS_TC_002ComputerAccessories" time="9.968" errors="0" timestamp="2024-09-10T18:47:16 IST" skipped="0">
  <testcase classname="advanceSelenium.DWS_TC_002ComputerAccessories" name="toCheckBookPage" time="9.968"/>
  <system-out>
    <![CDATA[Navigated Successfully to Accessories Page]]>
  </system-out>
</testsuite> <!-- advanceSelenium.DWS_TC_002ComputerAccessories -->
