<?xml version="1.0" encoding="UTF-8"?>
<!-- Generated by org.testng.reporters.JUnitReportReporter -->
<testsuite hostname="mrutunjay" failures="0" tests="1" name="advanceSelenium.DWS_TC_001" time="9.178" errors="0" timestamp="2024-09-05T18:24:15 IST" skipped="0">
  <testcase classname="advanceSelenium.DWS_TC_001" name="toCheckBookPage" time="9.178"/>
  <system-out>
    <![CDATA[Navigated Successfully to Books Page]]>
  </system-out>
</testsuite> <!-- advanceSelenium.DWS_TC_001 -->
