<?xml version="1.0" encoding="UTF-8"?>
<!-- Generated by org.testng.reporters.JUnitReportReporter -->
<testsuite hostname="mrutunjay" failures="0" tests="1" name="advanceSelenium.DWS_TC_004AddProductToCart" time="7.861" errors="0" timestamp="2024-09-06T18:01:12 IST" skipped="0">
  <testcase classname="advanceSelenium.DWS_TC_004AddProductToCart" name="addProduct" time="7.861"/>
  <system-out>
    <![CDATA[pruduct add successfully]]>
  </system-out>
</testsuite> <!-- advanceSelenium.DWS_TC_004AddProductToCart -->
