<?xml version="1.0" encoding="UTF-8"?>
<!-- Generated by org.testng.reporters.JUnitReportReporter -->
<testsuite hostname="mrutunjay" failures="0" tests="3" name="advanceSelenium.ToUseEnabledAtributes" time="11.375" errors="0" timestamp="2024-09-02T21:12:37 IST" skipped="2">
  <testcase classname="advanceSelenium.ToUseEnabledAtributes" name="baskinRobbins" time="11.375"/>
  <system-out>
    <![CDATA[BaskinRobbins got executed]]>
  </system-out>
  <testcase classname="advanceSelenium.ToUseEnabledAtributes" name="amazon">
    <skipped/>
  </testcase> <!-- amazon -->
  <system-out/>
  <testcase classname="advanceSelenium.ToUseEnabledAtributes" name="cricbuzz">
    <skipped/>
  </testcase> <!-- cricbuzz -->
  <system-out/>
</testsuite> <!-- advanceSelenium.ToUseEnabledAtributes -->
