<?xml version="1.0" encoding="UTF-8"?>
<!-- Generated by org.testng.reporters.JUnitReportReporter -->
<testsuite hostname="mrutunjay" failures="0" tests="1" name="advanceSelenium.DWS_TC_011ContactUs" time="6.548" errors="0" timestamp="2024-09-10T18:46:06 IST" skipped="0">
  <testcase classname="advanceSelenium.DWS_TC_011ContactUs" name="contactUs" time="6.548"/>
  <system-out>
    <![CDATA[Enquairy sent successfully]]>
  </system-out>
</testsuite> <!-- advanceSelenium.DWS_TC_011ContactUs -->
