<?xml version="1.0" encoding="UTF-8"?>
<!-- Generated by org.testng.reporters.JUnitReportReporter -->
<testsuite hostname="mrutunjay" failures="0" tests="1" name="advanceSelenium.DWS_TC_008Order" time="12.175" errors="0" timestamp="2024-09-10T18:46:06 IST" skipped="0">
  <testcase classname="advanceSelenium.DWS_TC_008Order" name="order" time="12.175"/>
  <system-out>
    <![CDATA[Order got palaced successfull]]>
  </system-out>
</testsuite> <!-- advanceSelenium.DWS_TC_008Order -->
