<?xml version="1.0" encoding="UTF-8"?>
<!-- Generated by org.testng.reporters.JUnitReportReporter -->
<testsuite hostname="mrutunjay" failures="0" tests="7" name="advanceSelenium.ToUsePriorityAndInvocation" time="35.323" errors="0" timestamp="2024-09-02T21:15:33 IST" skipped="0">
  <testcase classname="advanceSelenium.ToUsePriorityAndInvocation" name="cricbuzz" time="4.355"/>
  <system-out>
    <![CDATA[Cricbuzz got executed]]>
  </system-out>
  <testcase classname="advanceSelenium.ToUsePriorityAndInvocation" name="cricbuzz" time="6.451"/>
  <system-out>
    <![CDATA[Cricbuzz got executed]]>
  </system-out>
  <testcase classname="advanceSelenium.ToUsePriorityAndInvocation" name="baskinRobbins" time="4.445"/>
  <system-out>
    <![CDATA[BaskinRobbins got executed]]>
  </system-out>
  <testcase classname="advanceSelenium.ToUsePriorityAndInvocation" name="baskinRobbins" time="7.648"/>
  <system-out>
    <![CDATA[BaskinRobbins got executed]]>
  </system-out>
  <testcase classname="advanceSelenium.ToUsePriorityAndInvocation" name="baskinRobbins" time="3.915"/>
  <system-out>
    <![CDATA[BaskinRobbins got executed]]>
  </system-out>
  <testcase classname="advanceSelenium.ToUsePriorityAndInvocation" name="amazon" time="4.803"/>
  <system-out>
    <![CDATA[Amazon got executed]]>
  </system-out>
  <testcase classname="advanceSelenium.ToUsePriorityAndInvocation" name="amazon" time="3.706"/>
  <system-out>
    <![CDATA[Amazon got executed]]>
  </system-out>
</testsuite> <!-- advanceSelenium.ToUsePriorityAndInvocation -->
