<?xml version="1.0" encoding="UTF-8"?>
<!-- Generated by org.testng.reporters.JUnitReportReporter -->
<testsuite hostname="mrutunjay" failures="0" tests="3" name="advanceSelenium.ToLearnTestNG" time="0.022" errors="0" timestamp="2024-08-30T21:21:33 IST" skipped="0">
  <testcase classname="advanceSelenium.ToLearnTestNG" name="crickbuzz" time="0.003"/>
  <system-out>
    <![CDATA[crickbuzz got executed]]>
  </system-out>
  <testcase classname="advanceSelenium.ToLearnTestNG" name="baskinRobbins" time="0.002"/>
  <system-out>
    <![CDATA[baskinRobbins]]>
  </system-out>
  <testcase classname="advanceSelenium.ToLearnTestNG" name="amzon" time="0.017"/>
  <system-out>
    <![CDATA[amazon]]>
  </system-out>
</testsuite> <!-- advanceSelenium.ToLearnTestNG -->
