<?xml version="1.0" encoding="UTF-8"?>
<!-- Generated by org.testng.reporters.JUnitReportReporter -->
<testsuite hostname="mrutunjay" failures="0" tests="7" name="advanceSelenium.ToUseInvocationCount" time="31.285" errors="0" timestamp="2024-09-02T21:19:03 IST" skipped="0">
  <testcase classname="advanceSelenium.ToUseInvocationCount" name="amazon" time="3.464"/>
  <system-out>
    <![CDATA[Amazon got executed]]>
  </system-out>
  <testcase classname="advanceSelenium.ToUseInvocationCount" name="baskinRobbins" time="2.617"/>
  <system-out>
    <![CDATA[BaskinRobbins got executed]]>
  </system-out>
  <testcase classname="advanceSelenium.ToUseInvocationCount" name="cricbuzz" time="5.523"/>
  <system-out>
    <![CDATA[Cricbuzz got executed]]>
  </system-out>
  <testcase classname="advanceSelenium.ToUseInvocationCount" name="baskinRobbins" time="4.683"/>
  <system-out>
    <![CDATA[BaskinRobbins got executed]]>
  </system-out>
  <testcase classname="advanceSelenium.ToUseInvocationCount" name="baskinRobbins" time="4.687"/>
  <system-out>
    <![CDATA[BaskinRobbins got executed]]>
  </system-out>
  <testcase classname="advanceSelenium.ToUseInvocationCount" name="cricbuzz" time="5.049"/>
  <system-out>
    <![CDATA[Cricbuzz got executed]]>
  </system-out>
  <testcase classname="advanceSelenium.ToUseInvocationCount" name="amazon" time="5.262"/>
  <system-out>
    <![CDATA[Amazon got executed]]>
  </system-out>
</testsuite> <!-- advanceSelenium.ToUseInvocationCount -->
