<?xml version="1.0" encoding="UTF-8"?>
<!-- Generated by org.testng.reporters.JUnitReportReporter -->
<testsuite hostname="mrutunjay" failures="0" tests="1" name="advanceSelenium.DWS_TC_002" time="9.163" errors="0" timestamp="2024-09-05T18:24:15 IST" skipped="0">
  <testcase classname="advanceSelenium.DWS_TC_002" name="toCheckBookPage" time="9.163"/>
  <system-out>
    <![CDATA[Navigated Successfully to computer Page]]>
  </system-out>
</testsuite> <!-- advanceSelenium.DWS_TC_002 -->
