<?xml version="1.0" encoding="UTF-8"?>
<!-- Generated by org.testng.reporters.JUnitReportReporter -->
<testsuite hostname="mrutunjay" failures="0" tests="1" name="advanceSelenium.DWS_TC_015ClickOnTricentis" time="28.391" errors="0" timestamp="2024-09-11T19:31:32 IST" skipped="0">
  <testcase classname="advanceSelenium.DWS_TC_015ClickOnTricentis" name="clickOnTricentis" time="28.391"/>
  <system-out>
    <![CDATA[Navigate success to tricentis page]]>
  </system-out>
</testsuite> <!-- advanceSelenium.DWS_TC_015ClickOnTricentis -->
