<?xml version="1.0" encoding="UTF-8"?>
<!-- Generated by org.testng.reporters.JUnitReportReporter -->
<testsuite hostname="mrutunjay" failures="0" tests="1" name="advanceSelenium.DWS_TC_002Computer" time="10.002" errors="0" timestamp="2024-09-08T19:36:32 IST" skipped="0">
  <testcase classname="advanceSelenium.DWS_TC_002Computer" name="toCheckBookPage" time="10.002"/>
  <system-out>
    <![CDATA[Navigated not Successfully to Computer Page]]>
  </system-out>
</testsuite> <!-- advanceSelenium.DWS_TC_002Computer -->
