<?xml version="1.0" encoding="UTF-8"?>
<!-- Generated by org.testng.reporters.JUnitReportReporter -->
<testsuite hostname="mrutunjay" failures="0" tests="1" name="advanceSelenium.DWS_TC_007FollowUs" time="21.386" errors="0" timestamp="2024-09-11T13:21:41 IST" skipped="0">
  <testcase classname="advanceSelenium.DWS_TC_007FollowUs" name="toCheckBookPage" time="21.386"/>
  <system-out>
    <![CDATA[followus page got launched successfully]]>
  </system-out>
</testsuite> <!-- advanceSelenium.DWS_TC_007FollowUs -->
