<?xml version="1.0" encoding="UTF-8"?>
<!-- Generated by org.testng.reporters.JUnitReportReporter -->
<testsuite hostname="mrutunjay" failures="0" tests="1" name="advanceSelenium.DWS_TC_003Subscribe" time="5.817" errors="0" timestamp="2024-09-10T18:47:16 IST" skipped="0">
  <testcase classname="advanceSelenium.DWS_TC_003Subscribe" name="toCheckBookPage" time="5.817"/>
  <system-out>
    <![CDATA[Subscribe successfull]]>
  </system-out>
</testsuite> <!-- advanceSelenium.DWS_TC_003Subscribe -->
