<?xml version="1.0" encoding="UTF-8"?>
<!-- Generated by org.testng.reporters.JUnitReportReporter -->
<testsuite hostname="mrutunjay" failures="0" tests="1" name="advanceSelenium.DWS_TC_014SendMailToFraind" time="9.902" errors="0" timestamp="2024-09-10T18:46:06 IST" skipped="0">
  <testcase classname="advanceSelenium.DWS_TC_014SendMailToFraind" name="sendMail" time="9.902"/>
  <system-out>
    <![CDATA[mail send successfully to your friend]]>
  </system-out>
</testsuite> <!-- advanceSelenium.DWS_TC_014SendMailToFraind -->
