<?xml version="1.0" encoding="UTF-8"?>
<!-- Generated by org.testng.reporters.JUnitReportReporter -->
<testsuite hostname="mrutunjay" failures="0" tests="1" name="bikes.ToLaunchYamaha" time="15.773" errors="0" timestamp="2024-09-03T16:43:46 IST" skipped="0">
  <testcase classname="bikes.ToLaunchYamaha" name="access" time="15.773"/>
  <system-out>
    <![CDATA[Yamaha got executed]]>
  </system-out>
</testsuite> <!-- bikes.ToLaunchYamaha -->
