<?xml version="1.0" encoding="UTF-8"?>
<!-- Generated by org.testng.reporters.JUnitReportReporter -->
<testsuite hostname="mrutunjay" failures="0" tests="1" name="advanceSelenium.DWS_TC_012AddAddress" time="9.830" errors="0" timestamp="2024-09-10T18:46:06 IST" skipped="0">
  <testcase classname="advanceSelenium.DWS_TC_012AddAddress" name="addAddress" time="9.830"/>
  <system-out>
    <![CDATA[Address got saved successfully]]>
  </system-out>
</testsuite> <!-- advanceSelenium.DWS_TC_012AddAddress -->
