<?xml version="1.0" encoding="UTF-8"?>
<!-- Generated by org.testng.reporters.JUnitReportReporter -->
<testsuite hostname="mrutunjay" failures="0" tests="1" name="advanceSelenium.DWS_TC_013AddToCompair" time="10.063" errors="0" timestamp="2024-09-10T18:56:20 IST" skipped="0">
  <testcase classname="advanceSelenium.DWS_TC_013AddToCompair" name="addToCompair" time="10.063"/>
  <system-out>
    <![CDATA[Product got added for comparing]]>
  </system-out>
</testsuite> <!-- advanceSelenium.DWS_TC_013AddToCompair -->
